\BOOKMARK [0][-]{chapter.1}{Introduction}{}% 1
\BOOKMARK [1][-]{section.1.1}{Purpose}{chapter.1}% 2
\BOOKMARK [1][-]{section.1.2}{Scope}{chapter.1}% 3
\BOOKMARK [1][-]{section.1.3}{Definitions, Acronyms and Abbreviations}{chapter.1}% 4
\BOOKMARK [1][-]{section.1.4}{Reference Documents}{chapter.1}% 5
\BOOKMARK [1][-]{section.1.5}{Document Structure}{chapter.1}% 6
\BOOKMARK [0][-]{chapter.2}{Architecture}{}% 7
\BOOKMARK [1][-]{section.2.1}{Overview}{chapter.2}% 8
\BOOKMARK [1][-]{section.2.2}{High level components}{chapter.2}% 9
\BOOKMARK [2][-]{subsection.2.2.1}{Tracking vehicle state and scope}{section.2.2}% 10
\BOOKMARK [1][-]{section.2.3}{Core component}{chapter.2}% 11
\BOOKMARK [2][-]{subsection.2.3.1}{Core Component Diagrams}{section.2.3}% 12
\BOOKMARK [1][-]{section.2.4}{Relevant State Charts}{chapter.2}% 13
\BOOKMARK [2][-]{subsection.2.4.1}{Vehicle State Chart}{section.2.4}% 14
\BOOKMARK [2][-]{subsection.2.4.2}{Reservations State Chart}{section.2.4}% 15
\BOOKMARK [2][-]{subsection.2.4.3}{Task State Chart}{section.2.4}% 16
\BOOKMARK [1][-]{section.2.5}{Deployment View}{chapter.2}% 17
\BOOKMARK [1][-]{section.2.6}{Runtime View}{chapter.2}% 18
\BOOKMARK [2][-]{subsection.2.6.1}{Drive Sequence Diagram}{section.2.6}% 19
\BOOKMARK [2][-]{subsection.2.6.2}{Task Assignment Sequence Diagram}{section.2.6}% 20
\BOOKMARK [1][-]{section.2.7}{Interfaces}{chapter.2}% 21
\BOOKMARK [0][-]{chapter.3}{Algorithm implementation}{}% 22
\BOOKMARK [1][-]{section.3.1}{Amount due computation}{chapter.3}% 23
\BOOKMARK [1][-]{section.3.2}{Task assignment}{chapter.3}% 24
\BOOKMARK [0][-]{chapter.4}{Requirements}{}% 25
\BOOKMARK [1][-]{section.4.1}{Requirement Traceability}{chapter.4}% 26
\BOOKMARK [0][-]{chapter.5}{Work review}{}% 27
