\BOOKMARK [0][-]{chapter.1}{Introduction}{}% 1
\BOOKMARK [1][-]{section.1.1}{Description of the problem}{chapter.1}% 2
\BOOKMARK [1][-]{section.1.2}{Goals}{chapter.1}% 3
\BOOKMARK [1][-]{section.1.3}{Domain assumptions}{chapter.1}% 4
\BOOKMARK [1][-]{section.1.4}{Glossary}{chapter.1}% 5
\BOOKMARK [1][-]{section.1.5}{Stakeholders}{chapter.1}% 6
\BOOKMARK [1][-]{section.1.6}{References}{chapter.1}% 7
\BOOKMARK [0][-]{chapter.2}{Actors}{}% 8
\BOOKMARK [0][-]{chapter.3}{Requirements}{}% 9
\BOOKMARK [1][-]{section.3.1}{Functional Requirements}{chapter.3}% 10
\BOOKMARK [1][-]{section.3.2}{Non-functional requirements}{chapter.3}% 11
\BOOKMARK [2][-]{subsection.3.2.1}{Usability}{section.3.2}% 12
\BOOKMARK [2][-]{subsection.3.2.2}{Privacy and Security}{section.3.2}% 13
\BOOKMARK [2][-]{subsection.3.2.3}{Architectural consideration}{section.3.2}% 14
\BOOKMARK [2][-]{subsection.3.2.4}{Mobile application}{section.3.2}% 15
\BOOKMARK [2][-]{subsection.3.2.5}{Web portal}{section.3.2}% 16
\BOOKMARK [0][-]{chapter.4}{Scenario Identification}{}% 17
\BOOKMARK [0][-]{chapter.5}{Use Cases}{}% 18
\BOOKMARK [1][-]{section.5.1}{UML use case diagram}{chapter.5}% 19
\BOOKMARK [1][-]{section.5.2}{Driver use cases}{chapter.5}% 20
\BOOKMARK [1][-]{section.5.3}{Worker use cases}{chapter.5}% 21
\BOOKMARK [1][-]{section.5.4}{Admin use cases}{chapter.5}% 22
\BOOKMARK [1][-]{section.5.5}{Sequence diagrams}{chapter.5}% 23
\BOOKMARK [2][-]{subsection.5.5.1}{Registration}{section.5.5}% 24
\BOOKMARK [2][-]{subsection.5.5.2}{Reservation with Report}{section.5.5}% 25
\BOOKMARK [0][-]{chapter.6}{Model Coherence Analysis}{}% 26
\BOOKMARK [1][-]{section.6.1}{Alloy code}{chapter.6}% 27
\BOOKMARK [1][-]{section.6.2}{Generated world and results}{chapter.6}% 28
