\BOOKMARK [0][-]{chapter.1}{Introduction}{}% 1
\BOOKMARK [1][-]{section.1.1}{Purpose and Scope of this document}{chapter.1}% 2
\BOOKMARK [1][-]{section.1.2}{Definitions, Acronyms and Abbreviations}{chapter.1}% 3
\BOOKMARK [1][-]{section.1.3}{Referenced Documents}{chapter.1}% 4
\BOOKMARK [0][-]{chapter.2}{Project Size, Effort and Costs estimation}{}% 5
\BOOKMARK [1][-]{section.2.1}{Size estimation using FP}{chapter.2}% 6
\BOOKMARK [2][-]{subsection.2.1.1}{Internal Logic Files \(ILF\)}{section.2.1}% 7
\BOOKMARK [2][-]{subsection.2.1.2}{External Logic Files \(ELF\)}{section.2.1}% 8
\BOOKMARK [2][-]{subsection.2.1.3}{External Inputs \(EI\)}{section.2.1}% 9
\BOOKMARK [2][-]{subsection.2.1.4}{External Outputs \(EO\)}{section.2.1}% 10
\BOOKMARK [2][-]{subsection.2.1.5}{External Inquiry \(EQ\)}{section.2.1}% 11
\BOOKMARK [2][-]{subsection.2.1.6}{FP estimation recap}{section.2.1}% 12
\BOOKMARK [1][-]{section.2.2}{COCOMO estimation}{chapter.2}% 13
\BOOKMARK [2][-]{subsection.2.2.1}{Scale Drivers}{section.2.2}% 14
\BOOKMARK [2][-]{subsection.2.2.2}{Cost Drivers}{section.2.2}% 15
\BOOKMARK [2][-]{subsection.2.2.3}{Drivers recap}{section.2.2}% 16
\BOOKMARK [2][-]{subsection.2.2.4}{Results}{section.2.2}% 17
\BOOKMARK [0][-]{chapter.3}{Planned Schedule}{}% 18
\BOOKMARK [0][-]{chapter.4}{Resource Allocation}{}% 19
\BOOKMARK [0][-]{chapter.5}{Risk Management}{}% 20
\BOOKMARK [0][-]{chapter.6}{Work review}{}% 21
